# JRE version: Java(TM) SE Runtime Environment (8.0_40-b25) (build 1.8.0_40-b25)
# Java VM: Java HotSpot(TM) 64-Bit Server VM (25.40-b25 mixed mode windows-amd64 compressed oops)
Heap:
 PSYoungGen      total 236032K, used 33606K [0x00000000d5d80000, 0x00000000ead80000, 0x0000000100000000)
  eden space 224256K, 14% used [0x00000000d5d80000,0x00000000d7e51a08,0x00000000e3880000)
  from space 11776K, 0% used [0x00000000e3880000,0x00000000e3880000,0x00000000e4400000)
  to   space 13312K, 0% used [0x00000000ea080000,0x00000000ea080000,0x00000000ead80000)
 ParOldGen       total 80896K, used 16698K [0x0000000081800000, 0x0000000086700000, 0x00000000d5d80000)
  object space 80896K, 20% used [0x0000000081800000,0x000000008284eb98,0x0000000086700000)
 Metaspace       used 35523K, capacity 37452K, committed 37672K, reserved 1081344K
  class space    used 4675K, capacity 5006K, committed 5040K, reserved 1048576K
GC Heap History (10 events):
Event: 4.394 GC heap before
{Heap before GC invocations=7 (full 1):
 PSYoungGen      total 142848K, used 7041K [0x00000000d5d80000, 0x00000000df280000, 0x0000000100000000)
  eden space 133120K, 0% used [0x00000000d5d80000,0x00000000d5d80000,0x00000000ddf80000)
  from space 9728K, 72% used [0x00000000de900000,0x00000000defe04a0,0x00000000df280000)
  to   space 9728K, 0% used [0x00000000ddf80000,0x00000000ddf80000,0x00000000de900000)
 ParOldGen       total 87552K, used 7287K [0x0000000081800000, 0x0000000086d80000, 0x00000000d5d80000)
  object space 87552K, 8% used [0x0000000081800000,0x0000000081f1dd40,0x0000000086d80000)
 Metaspace       used 20607K, capacity 21270K, committed 21296K, reserved 1067008K
  class space    used 2653K, capacity 2848K, committed 2864K, reserved 1048576K
Event: 4.426 GC heap after
Heap after GC invocations=7 (full 1):
 PSYoungGen      total 142848K, used 0K [0x00000000d5d80000, 0x00000000df280000, 0x0000000100000000)
  eden space 133120K, 0% used [0x00000000d5d80000,0x00000000d5d80000,0x00000000ddf80000)
  from space 9728K, 0% used [0x00000000de900000,0x00000000de900000,0x00000000df280000)
  to   space 9728K, 0% used [0x00000000ddf80000,0x00000000ddf80000,0x00000000de900000)
 ParOldGen       total 53760K, used 7080K [0x0000000081800000, 0x0000000084c80000, 0x00000000d5d80000)
  object space 53760K, 13% used [0x0000000081800000,0x0000000081eea040,0x0000000084c80000)
 Metaspace       used 20607K, capacity 21270K, committed 21296K, reserved 1067008K
  class space    used 2653K, capacity 2848K, committed 2864K, reserved 1048576K
}
Event: 6.370 GC heap before
{Heap before GC invocations=8 (full 1):
 PSYoungGen      total 142848K, used 133120K [0x00000000d5d80000, 0x00000000df280000, 0x0000000100000000)
  eden space 133120K, 100% used [0x00000000d5d80000,0x00000000ddf80000,0x00000000ddf80000)
  from space 9728K, 0% used [0x00000000de900000,0x00000000de900000,0x00000000df280000)
  to   space 9728K, 0% used [0x00000000ddf80000,0x00000000ddf80000,0x00000000de900000)
 ParOldGen       total 53760K, used 7080K [0x0000000081800000, 0x0000000084c80000, 0x00000000d5d80000)
  object space 53760K, 13% used [0x0000000081800000,0x0000000081eea040,0x0000000084c80000)
 Metaspace       used 25177K, capacity 26264K, committed 26544K, reserved 1073152K
  class space    used 3243K, capacity 3489K, committed 3504K, reserved 1048576K
Event: 6.383 GC heap after
Heap after GC invocations=8 (full 1):
 PSYoungGen      total 142848K, used 7841K [0x00000000d5d80000, 0x00000000e4f80000, 0x0000000100000000)
  eden space 133120K, 0% used [0x00000000d5d80000,0x00000000d5d80000,0x00000000ddf80000)
  from space 9728K, 80% used [0x00000000ddf80000,0x00000000de728560,0x00000000de900000)
  to   space 10240K, 0% used [0x00000000e4580000,0x00000000e4580000,0x00000000e4f80000)
 ParOldGen       total 53760K, used 7088K [0x0000000081800000, 0x0000000084c80000, 0x00000000d5d80000)
  object space 53760K, 13% used [0x0000000081800000,0x0000000081eec040,0x0000000084c80000)
 Metaspace       used 25177K, capacity 26264K, committed 26544K, reserved 1073152K
  class space    used 3243K, capacity 3489K, committed 3504K, reserved 1048576K
}
Event: 9.273 GC heap before
{Heap before GC invocations=9 (full 1):
 PSYoungGen      total 142848K, used 140961K [0x00000000d5d80000, 0x00000000e4f80000, 0x0000000100000000)
  eden space 133120K, 100% used [0x00000000d5d80000,0x00000000ddf80000,0x00000000ddf80000)
  from space 9728K, 80% used [0x00000000ddf80000,0x00000000de728560,0x00000000de900000)
  to   space 10240K, 0% used [0x00000000e4580000,0x00000000e4580000,0x00000000e4f80000)
 ParOldGen       total 53760K, used 7088K [0x0000000081800000, 0x0000000084c80000, 0x00000000d5d80000)
  object space 53760K, 13% used [0x0000000081800000,0x0000000081eec040,0x0000000084c80000)
 Metaspace       used 31264K, capacity 32886K, committed 33200K, reserved 1077248K
  class space    used 4124K, capacity 4421K, committed 4528K, reserved 1048576K
Event: 9.299 GC heap after
Heap after GC invocations=9 (full 1):
 PSYoungGen      total 233984K, used 10222K [0x00000000d5d80000, 0x00000000e4f80000, 0x0000000100000000)
  eden space 223744K, 0% used [0x00000000d5d80000,0x00000000d5d80000,0x00000000e3800000)
  from space 10240K, 99% used [0x00000000e4580000,0x00000000e4f7b9c0,0x00000000e4f80000)
  to   space 11776K, 0% used [0x00000000e3880000,0x00000000e3880000,0x00000000e4400000)
 ParOldGen       total 53760K, used 8666K [0x0000000081800000, 0x0000000084c80000, 0x00000000d5d80000)
  object space 53760K, 16% used [0x0000000081800000,0x0000000082076858,0x0000000084c80000)
 Metaspace       used 31264K, capacity 32886K, committed 33200K, reserved 1077248K
  class space    used 4124K, capacity 4421K, committed 4528K, reserved 1048576K
}
Event: 10.530 GC heap before
{Heap before GC invocations=10 (full 1):
 PSYoungGen      total 233984K, used 92231K [0x00000000d5d80000, 0x00000000e4f80000, 0x0000000100000000)
  eden space 223744K, 36% used [0x00000000d5d80000,0x00000000dad963e0,0x00000000e3800000)
  from space 10240K, 99% used [0x00000000e4580000,0x00000000e4f7b9c0,0x00000000e4f80000)
  to   space 11776K, 0% used [0x00000000e3880000,0x00000000e3880000,0x00000000e4400000)
 ParOldGen       total 53760K, used 8666K [0x0000000081800000, 0x0000000084c80000, 0x00000000d5d80000)
  object space 53760K, 16% used [0x0000000081800000,0x0000000082076858,0x0000000084c80000)
 Metaspace       used 33699K, capacity 35410K, committed 35496K, reserved 1081344K
  class space    used 4362K, capacity 4655K, committed 4656K, reserved 1048576K
Event: 10.556 GC heap after
Heap after GC invocations=10 (full 1):
 PSYoungGen      total 236032K, used 11772K [0x00000000d5d80000, 0x00000000ead80000, 0x0000000100000000)
  eden space 224256K, 0% used [0x00000000d5d80000,0x00000000d5d80000,0x00000000e3880000)
  from space 11776K, 99% used [0x00000000e3880000,0x00000000e43ff150,0x00000000e4400000)
  to   space 13312K, 0% used [0x00000000ea080000,0x00000000ea080000,0x00000000ead80000)
 ParOldGen       total 53760K, used 9210K [0x0000000081800000, 0x0000000084c80000, 0x00000000d5d80000)
  object space 53760K, 17% used [0x0000000081800000,0x00000000820fe900,0x0000000084c80000)
 Metaspace       used 33699K, capacity 35410K, committed 35496K, reserved 1081344K
  class space    used 4362K, capacity 4655K, committed 4656K, reserved 1048576K
}
Event: 10.556 GC heap before
{Heap before GC invocations=11 (full 2):
 PSYoungGen      total 236032K, used 11772K [0x00000000d5d80000, 0x00000000ead80000, 0x0000000100000000)
  eden space 224256K, 0% used [0x00000000d5d80000,0x00000000d5d80000,0x00000000e3880000)
  from space 11776K, 99% used [0x00000000e3880000,0x00000000e43ff150,0x00000000e4400000)
  to   space 13312K, 0% used [0x00000000ea080000,0x00000000ea080000,0x00000000ead80000)
 ParOldGen       total 53760K, used 9210K [0x0000000081800000, 0x0000000084c80000, 0x00000000d5d80000)
  object space 53760K, 17% used [0x0000000081800000,0x00000000820fe900,0x0000000084c80000)
 Metaspace       used 33699K, capacity 35410K, committed 35496K, reserved 1081344K
  class space    used 4362K, capacity 4655K, committed 4656K, reserved 1048576K
Event: 10.663 GC heap after
Heap after GC invocations=11 (full 2):
 PSYoungGen      total 236032K, used 0K [0x00000000d5d80000, 0x00000000ead80000, 0x0000000100000000)
  eden space 224256K, 0% used [0x00000000d5d80000,0x00000000d5d80000,0x00000000e3880000)
  from space 11776K, 0% used [0x00000000e3880000,0x00000000e3880000,0x00000000e4400000)
  to   space 13312K, 0% used [0x00000000ea080000,0x00000000ea080000,0x00000000ead80000)
 ParOldGen       total 80896K, used 16698K [0x0000000081800000, 0x0000000086700000, 0x00000000d5d80000)
  object space 80896K, 20% used [0x0000000081800000,0x000000008284eb98,0x0000000086700000)
 Metaspace       used 33699K, capacity 35410K, committed 35496K, reserved 1081344K
  class space    used 4362K, capacity 4655K, committed 4656K, reserved 1048576K
}

