# JRE version: Java(TM) SE Runtime Environment (8.0_40-b25) (build 1.8.0_40-b25)
# Java VM: Java HotSpot(TM) 64-Bit Server VM (25.40-b25 mixed mode windows-amd64 compressed oops)
Heap:
 PSYoungGen      total 299008K, used 76529K [0x00000000d5d80000, 0x00000000e9500000, 0x0000000100000000)
  eden space 284672K, 21% used [0x00000000d5d80000,0x00000000d9a91e90,0x00000000e7380000)
  from space 14336K, 97% used [0x00000000e8380000,0x00000000e912a678,0x00000000e9180000)
  to   space 3584K, 0% used [0x00000000e9180000,0x00000000e9180000,0x00000000e9500000)
 ParOldGen       total 78848K, used 25498K [0x0000000081800000, 0x0000000086500000, 0x00000000d5d80000)
  object space 78848K, 32% used [0x0000000081800000,0x00000000830e69e8,0x0000000086500000)
 Metaspace       used 52149K, capacity 54782K, committed 54872K, reserved 1097728K
  class space    used 7081K, capacity 7532K, committed 7552K, reserved 1048576K
GC Heap History (10 events):
Event: 8.758 GC heap before
{Heap before GC invocations=9 (full 1):
 PSYoungGen      total 142848K, used 140061K [0x00000000d5d80000, 0x00000000e4900000, 0x0000000100000000)
  eden space 132608K, 100% used [0x00000000d5d80000,0x00000000ddf00000,0x00000000ddf00000)
  from space 10240K, 72% used [0x00000000ddf00000,0x00000000de6474c0,0x00000000de900000)
  to   space 10240K, 0% used [0x00000000e3f00000,0x00000000e3f00000,0x00000000e4900000)
 ParOldGen       total 55808K, used 8130K [0x0000000081800000, 0x0000000084e80000, 0x00000000d5d80000)
  object space 55808K, 14% used [0x0000000081800000,0x0000000081ff08b8,0x0000000084e80000)
 Metaspace       used 29003K, capacity 30164K, committed 30464K, reserved 1075200K
  class space    used 3769K, capacity 3999K, committed 4096K, reserved 1048576K
Event: 8.803 GC heap after
Heap after GC invocations=9 (full 1):
 PSYoungGen      total 229888K, used 9447K [0x00000000d5d80000, 0x00000000e4e80000, 0x0000000100000000)
  eden space 219648K, 0% used [0x00000000d5d80000,0x00000000d5d80000,0x00000000e3400000)
  from space 10240K, 92% used [0x00000000e3f00000,0x00000000e4839e28,0x00000000e4900000)
  to   space 11264K, 0% used [0x00000000e3400000,0x00000000e3400000,0x00000000e3f00000)
 ParOldGen       total 55808K, used 8130K [0x0000000081800000, 0x0000000084e80000, 0x00000000d5d80000)
  object space 55808K, 14% used [0x0000000081800000,0x0000000081ff08b8,0x0000000084e80000)
 Metaspace       used 29003K, capacity 30164K, committed 30464K, reserved 1075200K
  class space    used 3769K, capacity 3999K, committed 4096K, reserved 1048576K
}
Event: 10.686 GC heap before
{Heap before GC invocations=10 (full 1):
 PSYoungGen      total 229888K, used 84956K [0x00000000d5d80000, 0x00000000e4e80000, 0x0000000100000000)
  eden space 219648K, 34% used [0x00000000d5d80000,0x00000000da73d500,0x00000000e3400000)
  from space 10240K, 92% used [0x00000000e3f00000,0x00000000e4839e28,0x00000000e4900000)
  to   space 11264K, 0% used [0x00000000e3400000,0x00000000e3400000,0x00000000e3f00000)
 ParOldGen       total 55808K, used 8130K [0x0000000081800000, 0x0000000084e80000, 0x00000000d5d80000)
  object space 55808K, 14% used [0x0000000081800000,0x0000000081ff08b8,0x0000000084e80000)
 Metaspace       used 33598K, capacity 35270K, committed 35416K, reserved 1079296K
  class space    used 4368K, capacity 4652K, committed 4736K, reserved 1048576K
Event: 10.701 GC heap after
Heap after GC invocations=10 (full 1):
 PSYoungGen      total 230912K, used 10452K [0x00000000d5d80000, 0x00000000ea080000, 0x0000000100000000)
  eden space 219648K, 0% used [0x00000000d5d80000,0x00000000d5d80000,0x00000000e3400000)
  from space 11264K, 92% used [0x00000000e3400000,0x00000000e3e352f8,0x00000000e3f00000)
  to   space 12288K, 0% used [0x00000000e9480000,0x00000000e9480000,0x00000000ea080000)
 ParOldGen       total 55808K, used 8138K [0x0000000081800000, 0x0000000084e80000, 0x00000000d5d80000)
  object space 55808K, 14% used [0x0000000081800000,0x0000000081ff28b8,0x0000000084e80000)
 Metaspace       used 33598K, capacity 35270K, committed 35416K, reserved 1079296K
  class space    used 4368K, capacity 4652K, committed 4736K, reserved 1048576K
}
Event: 10.701 GC heap before
{Heap before GC invocations=11 (full 2):
 PSYoungGen      total 230912K, used 10452K [0x00000000d5d80000, 0x00000000ea080000, 0x0000000100000000)
  eden space 219648K, 0% used [0x00000000d5d80000,0x00000000d5d80000,0x00000000e3400000)
  from space 11264K, 92% used [0x00000000e3400000,0x00000000e3e352f8,0x00000000e3f00000)
  to   space 12288K, 0% used [0x00000000e9480000,0x00000000e9480000,0x00000000ea080000)
 ParOldGen       total 55808K, used 8138K [0x0000000081800000, 0x0000000084e80000, 0x00000000d5d80000)
  object space 55808K, 14% used [0x0000000081800000,0x0000000081ff28b8,0x0000000084e80000)
 Metaspace       used 33598K, capacity 35270K, committed 35416K, reserved 1079296K
  class space    used 4368K, capacity 4652K, committed 4736K, reserved 1048576K
Event: 10.760 GC heap after
Heap after GC invocations=11 (full 2):
 PSYoungGen      total 230912K, used 0K [0x00000000d5d80000, 0x00000000ea080000, 0x0000000100000000)
  eden space 219648K, 0% used [0x00000000d5d80000,0x00000000d5d80000,0x00000000e3400000)
  from space 11264K, 0% used [0x00000000e3400000,0x00000000e3400000,0x00000000e3f00000)
  to   space 12288K, 0% used [0x00000000e9480000,0x00000000e9480000,0x00000000ea080000)
 ParOldGen       total 78848K, used 15341K [0x0000000081800000, 0x0000000086500000, 0x00000000d5d80000)
  object space 78848K, 19% used [0x0000000081800000,0x00000000826fb6f8,0x0000000086500000)
 Metaspace       used 33598K, capacity 35270K, committed 35416K, reserved 1079296K
  class space    used 4368K, capacity 4652K, committed 4736K, reserved 1048576K
}
Event: 16.341 GC heap before
{Heap before GC invocations=12 (full 2):
 PSYoungGen      total 230912K, used 219648K [0x00000000d5d80000, 0x00000000ea080000, 0x0000000100000000)
  eden space 219648K, 100% used [0x00000000d5d80000,0x00000000e3400000,0x00000000e3400000)
  from space 11264K, 0% used [0x00000000e3400000,0x00000000e3400000,0x00000000e3f00000)
  to   space 12288K, 0% used [0x00000000e9480000,0x00000000e9480000,0x00000000ea080000)
 ParOldGen       total 78848K, used 15341K [0x0000000081800000, 0x0000000086500000, 0x00000000d5d80000)
  object space 78848K, 19% used [0x0000000081800000,0x00000000826fb6f8,0x0000000086500000)
 Metaspace       used 41061K, capacity 43018K, committed 43224K, reserved 1087488K
  class space    used 5430K, capacity 5772K, committed 5888K, reserved 1048576K
Event: 16.365 GC heap after
Heap after GC invocations=12 (full 2):
 PSYoungGen      total 309248K, used 12262K [0x00000000d5d80000, 0x00000000ea080000, 0x0000000100000000)
  eden space 296960K, 0% used [0x00000000d5d80000,0x00000000d5d80000,0x00000000e7f80000)
  from space 12288K, 99% used [0x00000000e9480000,0x00000000ea079ae8,0x00000000ea080000)
  to   space 14848K, 0% used [0x00000000e8380000,0x00000000e8380000,0x00000000e9200000)
 ParOldGen       total 78848K, used 18390K [0x0000000081800000, 0x0000000086500000, 0x00000000d5d80000)
  object space 78848K, 23% used [0x0000000081800000,0x00000000829f5a50,0x0000000086500000)
 Metaspace       used 41061K, capacity 43018K, committed 43224K, reserved 1087488K
  class space    used 5430K, capacity 5772K, committed 5888K, reserved 1048576K
}
Event: 3323.092 GC heap before
{Heap before GC invocations=13 (full 2):
 PSYoungGen      total 309248K, used 309222K [0x00000000d5d80000, 0x00000000ea080000, 0x0000000100000000)
  eden space 296960K, 100% used [0x00000000d5d80000,0x00000000e7f80000,0x00000000e7f80000)
  from space 12288K, 99% used [0x00000000e9480000,0x00000000ea079ae8,0x00000000ea080000)
  to   space 14848K, 0% used [0x00000000e8380000,0x00000000e8380000,0x00000000e9200000)
 ParOldGen       total 78848K, used 18390K [0x0000000081800000, 0x0000000086500000, 0x00000000d5d80000)
  object space 78848K, 23% used [0x0000000081800000,0x00000000829f5a50,0x0000000086500000)
 Metaspace       used 51366K, capacity 53976K, committed 54104K, reserved 1095680K
  class space    used 6995K, capacity 7435K, committed 7552K, reserved 1048576K
Event: 3323.295 GC heap after
Heap after GC invocations=13 (full 2):
 PSYoungGen      total 299008K, used 13993K [0x00000000d5d80000, 0x00000000e9500000, 0x0000000100000000)
  eden space 284672K, 0% used [0x00000000d5d80000,0x00000000d5d80000,0x00000000e7380000)
  from space 14336K, 97% used [0x00000000e8380000,0x00000000e912a678,0x00000000e9180000)
  to   space 3584K, 0% used [0x00000000e9180000,0x00000000e9180000,0x00000000e9500000)
 ParOldGen       total 78848K, used 25498K [0x0000000081800000, 0x0000000086500000, 0x00000000d5d80000)
  object space 78848K, 32% used [0x0000000081800000,0x00000000830e69e8,0x0000000086500000)
 Metaspace       used 51366K, capacity 53976K, committed 54104K, reserved 1095680K
  class space    used 6995K, capacity 7435K, committed 7552K, reserved 1048576K
}

