# JRE version: Java(TM) SE Runtime Environment (8.0_40-b25) (build 1.8.0_40-b25)
# Java VM: Java HotSpot(TM) 64-Bit Server VM (25.40-b25 mixed mode windows-amd64 compressed oops)
Heap:
 PSYoungGen      total 307712K, used 30884K [0x00000000d5d80000, 0x00000000ea700000, 0x0000000100000000)
  eden space 294400K, 5% used [0x00000000d5d80000,0x00000000d6ead2a8,0x00000000e7d00000)
  from space 13312K, 99% used [0x00000000e9a00000,0x00000000ea6fbd90,0x00000000ea700000)
  to   space 16896K, 0% used [0x00000000e8600000,0x00000000e8600000,0x00000000e9680000)
 ParOldGen       total 80896K, used 22810K [0x0000000081800000, 0x0000000086700000, 0x00000000d5d80000)
  object space 80896K, 28% used [0x0000000081800000,0x0000000082e46b20,0x0000000086700000)
 Metaspace       used 47723K, capacity 50468K, committed 50856K, reserved 1093632K
  class space    used 6480K, capacity 6964K, committed 7088K, reserved 1048576K
GC Heap History (10 events):
Event: 9.299 GC heap before
{Heap before GC invocations=8 (full 1):
 PSYoungGen      total 142848K, used 133120K [0x00000000d5d80000, 0x00000000df280000, 0x0000000100000000)
  eden space 133120K, 100% used [0x00000000d5d80000,0x00000000ddf80000,0x00000000ddf80000)
  from space 9728K, 0% used [0x00000000de900000,0x00000000de900000,0x00000000df280000)
  to   space 9728K, 0% used [0x00000000ddf80000,0x00000000ddf80000,0x00000000de900000)
 ParOldGen       total 53248K, used 6551K [0x0000000081800000, 0x0000000084c00000, 0x00000000d5d80000)
  object space 53248K, 12% used [0x0000000081800000,0x0000000081e65fc0,0x0000000084c00000)
 Metaspace       used 25107K, capacity 26182K, committed 26288K, reserved 1073152K
  class space    used 3240K, capacity 3488K, committed 3504K, reserved 1048576K
Event: 9.308 GC heap after
Heap after GC invocations=8 (full 1):
 PSYoungGen      total 142848K, used 7424K [0x00000000d5d80000, 0x00000000e4e00000, 0x0000000100000000)
  eden space 133120K, 0% used [0x00000000d5d80000,0x00000000d5d80000,0x00000000ddf80000)
  from space 9728K, 76% used [0x00000000ddf80000,0x00000000de6c02f0,0x00000000de900000)
  to   space 9728K, 0% used [0x00000000e4480000,0x00000000e4480000,0x00000000e4e00000)
 ParOldGen       total 53248K, used 6559K [0x0000000081800000, 0x0000000084c00000, 0x00000000d5d80000)
  object space 53248K, 12% used [0x0000000081800000,0x0000000081e67fc0,0x0000000084c00000)
 Metaspace       used 25107K, capacity 26182K, committed 26288K, reserved 1073152K
  class space    used 3240K, capacity 3488K, committed 3504K, reserved 1048576K
}
Event: 11.554 GC heap before
{Heap before GC invocations=9 (full 1):
 PSYoungGen      total 142848K, used 140544K [0x00000000d5d80000, 0x00000000e4e00000, 0x0000000100000000)
  eden space 133120K, 100% used [0x00000000d5d80000,0x00000000ddf80000,0x00000000ddf80000)
  from space 9728K, 76% used [0x00000000ddf80000,0x00000000de6c02f0,0x00000000de900000)
  to   space 9728K, 0% used [0x00000000e4480000,0x00000000e4480000,0x00000000e4e00000)
 ParOldGen       total 53248K, used 6559K [0x0000000081800000, 0x0000000084c00000, 0x00000000d5d80000)
  object space 53248K, 12% used [0x0000000081800000,0x0000000081e67fc0,0x0000000084c00000)
 Metaspace       used 30587K, capacity 32252K, committed 32304K, reserved 1077248K
  class space    used 4054K, capacity 4359K, committed 4400K, reserved 1048576K
Event: 11.573 GC heap after
Heap after GC invocations=9 (full 1):
 PSYoungGen      total 232448K, used 9719K [0x00000000d5d80000, 0x00000000e4e00000, 0x0000000100000000)
  eden space 222720K, 0% used [0x00000000d5d80000,0x00000000d5d80000,0x00000000e3700000)
  from space 9728K, 99% used [0x00000000e4480000,0x00000000e4dfdc68,0x00000000e4e00000)
  to   space 11776K, 0% used [0x00000000e3700000,0x00000000e3700000,0x00000000e4280000)
 ParOldGen       total 53248K, used 8204K [0x0000000081800000, 0x0000000084c00000, 0x00000000d5d80000)
  object space 53248K, 15% used [0x0000000081800000,0x0000000082003268,0x0000000084c00000)
 Metaspace       used 30587K, capacity 32252K, committed 32304K, reserved 1077248K
  class space    used 4054K, capacity 4359K, committed 4400K, reserved 1048576K
}
Event: 13.161 GC heap before
{Heap before GC invocations=10 (full 1):
 PSYoungGen      total 232448K, used 100362K [0x00000000d5d80000, 0x00000000e4e00000, 0x0000000100000000)
  eden space 222720K, 40% used [0x00000000d5d80000,0x00000000db604ec8,0x00000000e3700000)
  from space 9728K, 99% used [0x00000000e4480000,0x00000000e4dfdc68,0x00000000e4e00000)
  to   space 11776K, 0% used [0x00000000e3700000,0x00000000e3700000,0x00000000e4280000)
 ParOldGen       total 53248K, used 8204K [0x0000000081800000, 0x0000000084c00000, 0x00000000d5d80000)
  object space 53248K, 15% used [0x0000000081800000,0x0000000082003268,0x0000000084c00000)
 Metaspace       used 33658K, capacity 35392K, committed 35496K, reserved 1079296K
  class space    used 4366K, capacity 4689K, committed 4784K, reserved 1048576K
Event: 13.180 GC heap after
Heap after GC invocations=10 (full 1):
 PSYoungGen      total 234496K, used 11745K [0x00000000d5d80000, 0x00000000ea700000, 0x0000000100000000)
  eden space 222720K, 0% used [0x00000000d5d80000,0x00000000d5d80000,0x00000000e3700000)
  from space 11776K, 99% used [0x00000000e3700000,0x00000000e4278538,0x00000000e4280000)
  to   space 13312K, 0% used [0x00000000e9a00000,0x00000000e9a00000,0x00000000ea700000)
 ParOldGen       total 53248K, used 9251K [0x0000000081800000, 0x0000000084c00000, 0x00000000d5d80000)
  object space 53248K, 17% used [0x0000000081800000,0x0000000082108d80,0x0000000084c00000)
 Metaspace       used 33658K, capacity 35392K, committed 35496K, reserved 1079296K
  class space    used 4366K, capacity 4689K, committed 4784K, reserved 1048576K
}
Event: 13.180 GC heap before
{Heap before GC invocations=11 (full 2):
 PSYoungGen      total 234496K, used 11745K [0x00000000d5d80000, 0x00000000ea700000, 0x0000000100000000)
  eden space 222720K, 0% used [0x00000000d5d80000,0x00000000d5d80000,0x00000000e3700000)
  from space 11776K, 99% used [0x00000000e3700000,0x00000000e4278538,0x00000000e4280000)
  to   space 13312K, 0% used [0x00000000e9a00000,0x00000000e9a00000,0x00000000ea700000)
 ParOldGen       total 53248K, used 9251K [0x0000000081800000, 0x0000000084c00000, 0x00000000d5d80000)
  object space 53248K, 17% used [0x0000000081800000,0x0000000082108d80,0x0000000084c00000)
 Metaspace       used 33658K, capacity 35392K, committed 35496K, reserved 1079296K
  class space    used 4366K, capacity 4689K, committed 4784K, reserved 1048576K
Event: 13.266 GC heap after
Heap after GC invocations=11 (full 2):
 PSYoungGen      total 234496K, used 0K [0x00000000d5d80000, 0x00000000ea700000, 0x0000000100000000)
  eden space 222720K, 0% used [0x00000000d5d80000,0x00000000d5d80000,0x00000000e3700000)
  from space 11776K, 0% used [0x00000000e3700000,0x00000000e3700000,0x00000000e4280000)
  to   space 13312K, 0% used [0x00000000e9a00000,0x00000000e9a00000,0x00000000ea700000)
 ParOldGen       total 80896K, used 17630K [0x0000000081800000, 0x0000000086700000, 0x00000000d5d80000)
  object space 80896K, 21% used [0x0000000081800000,0x00000000829378d0,0x0000000086700000)
 Metaspace       used 33658K, capacity 35392K, committed 35496K, reserved 1079296K
  class space    used 4366K, capacity 4689K, committed 4784K, reserved 1048576K
}
Event: 114.412 GC heap before
{Heap before GC invocations=12 (full 2):
 PSYoungGen      total 234496K, used 222720K [0x00000000d5d80000, 0x00000000ea700000, 0x0000000100000000)
  eden space 222720K, 100% used [0x00000000d5d80000,0x00000000e3700000,0x00000000e3700000)
  from space 11776K, 0% used [0x00000000e3700000,0x00000000e3700000,0x00000000e4280000)
  to   space 13312K, 0% used [0x00000000e9a00000,0x00000000e9a00000,0x00000000ea700000)
 ParOldGen       total 80896K, used 17630K [0x0000000081800000, 0x0000000086700000, 0x00000000d5d80000)
  object space 80896K, 21% used [0x0000000081800000,0x00000000829378d0,0x0000000086700000)
 Metaspace       used 47357K, capacity 50082K, committed 50216K, reserved 1093632K
  class space    used 6431K, capacity 6925K, committed 6960K, reserved 1048576K
Event: 114.483 GC heap after
Heap after GC invocations=12 (full 2):
 PSYoungGen      total 307712K, used 13295K [0x00000000d5d80000, 0x00000000ea700000, 0x0000000100000000)
  eden space 294400K, 0% used [0x00000000d5d80000,0x00000000d5d80000,0x00000000e7d00000)
  from space 13312K, 99% used [0x00000000e9a00000,0x00000000ea6fbd90,0x00000000ea700000)
  to   space 16896K, 0% used [0x00000000e8600000,0x00000000e8600000,0x00000000e9680000)
 ParOldGen       total 80896K, used 22810K [0x0000000081800000, 0x0000000086700000, 0x00000000d5d80000)
  object space 80896K, 28% used [0x0000000081800000,0x0000000082e46b20,0x0000000086700000)
 Metaspace       used 47357K, capacity 50082K, committed 50216K, reserved 1093632K
  class space    used 6431K, capacity 6925K, committed 6960K, reserved 1048576K
}

